Added Pin To Net: NetName=AD8 Pin=AD_H-1
Added Pin To Net: NetName=AD9 Pin=AD_H-2
Added Pin To Net: NetName=AD10 Pin=AD_H-3
Added Pin To Net: NetName=AD11 Pin=AD_H-4
Added Pin To Net: NetName=AD12 Pin=AD_H-5
Added Pin To Net: NetName=AD13 Pin=AD_H-6
Added Pin To Net: NetName=AD14 Pin=AD_H-7
Added Pin To Net: NetName=AD15 Pin=AD_H-8
Added Pin To Net: NetName=AD0 Pin=AD_L-1
Added Pin To Net: NetName=AD1 Pin=AD_L-2
Added Pin To Net: NetName=AD2 Pin=AD_L-3
Added Pin To Net: NetName=AD3 Pin=AD_L-4
Added Pin To Net: NetName=AD4 Pin=AD_L-5
Added Pin To Net: NetName=AD5 Pin=AD_L-6
Added Pin To Net: NetName=AD6 Pin=AD_L-7
Added Pin To Net: NetName=AD7 Pin=AD_L-8
Added Pin To Net: NetName=SCL Pin=COMMS-1
Added Pin To Net: NetName=SDA Pin=COMMS-2
Added Pin To Net: NetName=RX1 Pin=COMMS-3
Added Pin To Net: NetName=TX1 Pin=COMMS-4
Added Pin To Net: NetName=RX2 Pin=COMMS-5
Added Pin To Net: NetName=TX2 Pin=COMMS-6
Added Pin To Net: NetName=RX3 Pin=COMMS-7
Added Pin To Net: NetName=TX3 Pin=COMMS-8
Added Pin To Net: NetName=5V Pin=DIGITAL-1
Added Pin To Net: NetName=5V Pin=DIGITAL-2
Added Pin To Net: NetName=IO22 Pin=DIGITAL-3
Added Pin To Net: NetName=IO23 Pin=DIGITAL-4
Added Pin To Net: NetName=IO24 Pin=DIGITAL-5
Added Pin To Net: NetName=IO25 Pin=DIGITAL-6
Added Pin To Net: NetName=IO26 Pin=DIGITAL-7
Added Pin To Net: NetName=IO27 Pin=DIGITAL-8
Added Pin To Net: NetName=IO28 Pin=DIGITAL-9
Added Pin To Net: NetName=IO29 Pin=DIGITAL-10
Added Pin To Net: NetName=IO30 Pin=DIGITAL-11
Added Pin To Net: NetName=IO31 Pin=DIGITAL-12
Added Pin To Net: NetName=IO32 Pin=DIGITAL-13
Added Pin To Net: NetName=IO33 Pin=DIGITAL-14
Added Pin To Net: NetName=IO34 Pin=DIGITAL-15
Added Pin To Net: NetName=IO35 Pin=DIGITAL-16
Added Pin To Net: NetName=IO36 Pin=DIGITAL-17
Added Pin To Net: NetName=IO37 Pin=DIGITAL-18
Added Pin To Net: NetName=IO38 Pin=DIGITAL-19
Added Pin To Net: NetName=IO39 Pin=DIGITAL-20
Added Pin To Net: NetName=IO40 Pin=DIGITAL-21
Added Pin To Net: NetName=IO41 Pin=DIGITAL-22
Added Pin To Net: NetName=IO42 Pin=DIGITAL-23
Added Pin To Net: NetName=IO43 Pin=DIGITAL-24
Added Pin To Net: NetName=IO44 Pin=DIGITAL-25
Added Pin To Net: NetName=IO45 Pin=DIGITAL-26
Added Pin To Net: NetName=IO46 Pin=DIGITAL-27
Added Pin To Net: NetName=IO47 Pin=DIGITAL-28
Added Pin To Net: NetName=IO48 Pin=DIGITAL-29
Added Pin To Net: NetName=IO49 Pin=DIGITAL-30
Added Pin To Net: NetName=IO50 Pin=DIGITAL-31
Added Pin To Net: NetName=IO51 Pin=DIGITAL-32
Added Pin To Net: NetName=IO52 Pin=DIGITAL-33
Added Pin To Net: NetName=IO53 Pin=DIGITAL-34
Added Pin To Net: NetName=GND Pin=DIGITAL-35
Added Pin To Net: NetName=GND Pin=DIGITAL-36
Added Pin To Net: NetName=VIN Pin=POWER-1
Added Pin To Net: NetName=GND Pin=POWER-2
Added Pin To Net: NetName=GND Pin=POWER-3
Added Pin To Net: NetName=5V Pin=POWER-4
Added Pin To Net: NetName=3V3 Pin=POWER-5
Added Pin To Net: NetName=RESET Pin=POWER-6
Added Pin To Net: NetName=PWM8 Pin=PWM_H-1
Added Pin To Net: NetName=PWM9 Pin=PWM_H-2
Added Pin To Net: NetName=PWM10 Pin=PWM_H-3
Added Pin To Net: NetName=PWM11 Pin=PWM_H-4
Added Pin To Net: NetName=PWM12 Pin=PWM_H-5
Added Pin To Net: NetName=PWM13 Pin=PWM_H-6
Added Pin To Net: NetName=GND Pin=PWM_H-7
Added Pin To Net: NetName=AREF Pin=PWM_H-8
Added Pin To Net: NetName=RX0 Pin=PWM_L-1
Added Pin To Net: NetName=TX0 Pin=PWM_L-2
Added Pin To Net: NetName=PWM2 Pin=PWM_L-3
Added Pin To Net: NetName=PWM3 Pin=PWM_L-4
Added Pin To Net: NetName=PWM4 Pin=PWM_L-5
Added Pin To Net: NetName=PWM5 Pin=PWM_L-6
Added Pin To Net: NetName=PWM6 Pin=PWM_L-7
Added Pin To Net: NetName=PWM7 Pin=PWM_L-8
Added Room: Name=05_IO_CONN
Added Room: Name=AdruinoMegaSheild
Added Room: Name=servox15_layout_board
